<?xml version="1.0" encoding="UTF-8"?>
<!-- Generated by org.testng.reporters.JUnitReportReporter -->
<testsuite hostname="LAPTOP-SLU0D7IV" failures="0" tests="1" name="pages.Usertestcase" time="7.865" errors="0" timestamp="2021-06-30T13:28:35 IST" skipped="0">
  <testcase classname="pages.Usertestcase" name="Login" time="7.865"/>
  <system-out/>
</testsuite> <!-- pages.Usertestcase -->
