<?xml version="1.0" encoding="UTF-8"?>
<!-- Generated by org.testng.reporters.JUnitReportReporter -->
<testsuite hostname="LAPTOP-SLU0D7IV" failures="0" tests="1" name="pages.Admintestcase" time="3.807" errors="0" timestamp="2021-06-30T13:28:35 IST" skipped="0">
  <testcase classname="pages.Admintestcase" name="Admin" time="3.807"/>
  <system-out/>
</testsuite> <!-- pages.Admintestcase -->
